<?xml version="1.0" encoding="UTF-8"?>
<coverage generated="1593746100255" clover="3.2.0">
  <project timestamp="1593746100255" name="All files">
    <metrics statements="14" coveredstatements="14" conditionals="6" coveredconditionals="4" methods="11" coveredmethods="11" elements="31" coveredelements="29" complexity="0" loc="14" ncloc="14" packages="1" files="3" classes="3"/>
    <file name="dabaojian.js" path="D:\code\work\单元测试\JestTest\dabaojian.js">
      <metrics statements="2" coveredstatements="2" conditionals="4" coveredconditionals="2" methods="2" coveredmethods="2"/>
      <line num="2" count="1" type="cond" truecount="1" falsecount="1"/>
      <line num="6" count="1" type="cond" truecount="1" falsecount="1"/>
    </file>
    <file name="fetchData.js" path="D:\code\work\单元测试\JestTest\fetchData.js">
      <metrics statements="7" coveredstatements="7" conditionals="0" coveredconditionals="0" methods="4" coveredmethods="4"/>
      <line num="4" count="1" type="stmt"/>
      <line num="5" count="1" type="stmt"/>
      <line num="6" count="1" type="stmt"/>
      <line num="9" count="1" type="stmt"/>
      <line num="10" count="1" type="stmt"/>
      <line num="12" count="1" type="stmt"/>
      <line num="13" count="1" type="stmt"/>
    </file>
    <file name="newBaoJian.js" path="D:\code\work\单元测试\JestTest\newBaoJian.js">
      <metrics statements="5" coveredstatements="5" conditionals="2" coveredconditionals="2" methods="5" coveredmethods="5"/>
      <line num="5" count="4" type="cond" truecount="2" falsecount="0"/>
      <line num="9" count="1" type="stmt"/>
      <line num="12" count="1" type="stmt"/>
      <line num="16" count="1" type="stmt"/>
      <line num="19" count="1" type="stmt"/>
    </file>
  </project>
</coverage>
