TN:
SF:D:\code\work\单元测试\JestTest\dabaojian.js
FN:1,baojian1
FN:5,baojian2
FNF:2
FNH:2
FNDA:1,baojian1
FNDA:1,baojian2
DA:2,1
DA:6,1
LF:2
LH:2
BRDA:2,0,0,1
BRDA:2,0,1,0
BRDA:6,1,0,1
BRDA:6,1,1,0
BRF:4
BRH:2
end_of_record
TN:
SF:D:\code\work\单元测试\JestTest\fetchData.js
FN:4,(anonymous_0)
FN:5,(anonymous_1)
FN:9,(anonymous_2)
FN:12,(anonymous_3)
FNF:4
FNH:4
FNDA:1,(anonymous_0)
FNDA:1,(anonymous_1)
FNDA:1,(anonymous_2)
FNDA:1,(anonymous_3)
DA:4,1
DA:5,1
DA:6,1
DA:9,1
DA:10,1
DA:12,1
DA:13,1
LF:7
LH:7
BRF:0
BRH:0
end_of_record
TN:
SF:D:\code\work\单元测试\JestTest\newBaoJian.js
FN:3,(anonymous_0)
FN:8,(anonymous_1)
FN:11,(anonymous_2)
FN:15,(anonymous_3)
FN:18,(anonymous_4)
FNF:5
FNH:5
FNDA:4,(anonymous_0)
FNDA:1,(anonymous_1)
FNDA:1,(anonymous_2)
FNDA:1,(anonymous_3)
FNDA:1,(anonymous_4)
DA:5,4
DA:9,1
DA:12,1
DA:16,1
DA:19,1
LF:5
LH:5
BRDA:5,0,0,2
BRDA:5,0,1,2
BRF:2
BRH:2
end_of_record
